20180807 21:13:47 T-Rex NVIDIA GPU miner v0.5.7
20180807 21:13:47 
20180807 21:13:47 CUDA devices available: 6
20180807 21:13:47 Starting on: phi.mine.zergpool.com:8333
20180807 21:13:47 ApiServer: HTTP server started on 0.0.0.0:4067
20180807 21:13:47 ApiServer: Telnet server started on 0.0.0.0:4068
20180807 21:13:49 WARN: New difficulty: 0.1
20180807 21:13:49 phi block 116499, diff 282.659
20180807 21:13:49 WARN: GPU #1: Intensity set to 20, 1048576 cuda threads
20180807 21:13:49 WARN: GPU #0: Intensity set to 20, 1048576 cuda threads
20180807 21:13:49 WARN: GPU #10: Intensity set to 20, 1048576 cuda threads
20180807 21:13:49 WARN: GPU #6: Intensity set to 20, 1048576 cuda threads
20180807 21:13:49 WARN: GPU #2: Intensity set to 20, 1048576 cuda threads
20180807 21:13:49 WARN: GPU #9: Intensity set to 20, 1048576 cuda threads
20180807 21:13:56 [32m[ OK ][0m 1/1 - 87.09 MH/s
20180807 21:13:57 [32m[ OK ][0m 2/2 - 129.66 MH/s
20180807 21:13:58 [32m[ OK ][0m 3/3 - 130.75 MH/s
20180807 21:14:04 [32m[ OK ][0m 4/4 - 130.81 MH/s
20180807 21:14:06 [32m[ OK ][0m 5/5 - 131.53 MH/s
20180807 21:14:06 GPU #0: 21.30 MH/s
20180807 21:14:06 GPU #1: 22.06 MH/s
20180807 21:14:06 GPU #2: 22.94 MH/s
20180807 21:14:06 GPU #6: 22.30 MH/s
20180807 21:14:06 GPU #9: 20.56 MH/s
20180807 21:14:06 GPU #10: 22.37 MH/s
20180807 21:14:27 [32m[ OK ][0m 6/6 - 133.90 MH/s
20180807 21:14:30 [32m[ OK ][0m 7/7 - 134.53 MH/s
20180807 21:14:32 [32m[ OK ][0m 8/8 - 134.55 MH/s
20180807 21:14:38 [32m[ OK ][0m 9/9 - 134.74 MH/s
20180807 21:14:39 WARN: New difficulty: 0.15
20180807 21:14:39 phi block 116500, diff 328.722
20180807 21:14:41 [32m[ OK ][0m 10/10 - 134.70 MH/s
20180807 21:14:41 GPU #0: 21.30 MH/s
20180807 21:14:41 GPU #1: 22.30 MH/s
20180807 21:14:41 GPU #2: 22.95 MH/s
20180807 21:14:41 GPU #6: 22.46 MH/s
20180807 21:14:41 GPU #9: 22.11 MH/s
20180807 21:14:41 GPU #10: 23.58 MH/s
20180807 21:14:46 [32m[ OK ][0m 11/11 - 134.84 MH/s
20180807 21:15:04 [32m[ OK ][0m 12/12 - 134.89 MH/s
20180807 21:15:06 [32m[ OK ][0m 13/13 - 134.91 MH/s
20180807 21:15:12 [32m[ OK ][0m 14/14 - 135.66 MH/s
20180807 21:15:15 [32m[ OK ][0m 15/15 - 135.73 MH/s
20180807 21:15:15 GPU #0: 21.30 MH/s
20180807 21:15:15 GPU #1: 22.48 MH/s
20180807 21:15:15 GPU #2: 22.97 MH/s
20180807 21:15:15 GPU #6: 22.69 MH/s
20180807 21:15:15 GPU #9: 22.32 MH/s
20180807 21:15:15 GPU #10: 23.97 MH/s
20180807 21:15:15 [32m[ OK ][0m 16/16 - 130.27 MH/s
20180807 21:15:16 [32m[ OK ][0m 17/17 - 130.47 MH/s
20180807 21:15:16 [32m[ OK ][0m 18/18 - 130.60 MH/s
20180807 21:15:18 [32m[ OK ][0m 19/19 - 128.94 MH/s
20180807 21:15:18 [32m[ OK ][0m 20/20 - 128.94 MH/s
20180807 21:15:18 GPU #0: 14.01 MH/s
20180807 21:15:18 GPU #1: 22.48 MH/s
20180807 21:15:18 GPU #2: 22.97 MH/s
20180807 21:15:18 GPU #6: 22.69 MH/s
20180807 21:15:18 GPU #9: 22.46 MH/s
20180807 21:15:18 GPU #10: 24.33 MH/s
20180807 21:15:20 [32m[ OK ][0m 21/21 - 128.95 MH/s
